<?xml version="1.0" encoding="UTF-8"?>
<!-- Generated by org.testng.reporters.JUnitXMLReporter -->
<testsuite ignored="0" hostname="LAPTOP-2D5E57AR" failures="0" tests="2" name="Error Validation Test" time="13.862" errors="0" timestamp="2026-05-21T00:47:47 IST">
  <testcase classname="TruptiPawankar.tests.ErrorValidationsTest" name="loginErrorValidations" time="1.337"/>
  <testcase classname="TruptiPawankar.tests.ErrorValidationsTest" name="productErrorValidation" time="4.396"/>
</testsuite> <!-- Error Validation Test -->
