<?xml version="1.0" encoding="UTF-8"?>
<!-- Generated by org.testng.reporters.JUnitXMLReporter -->
<testsuite ignored="0" hostname="LAPTOP-2D5E57AR" failures="0" tests="3" name="Submit Order Test" time="21.305" errors="0" timestamp="2026-05-21T00:47:54 IST">
  <testcase classname="TruptiPawankar.tests.SubmitOrderTest" name="submitOrder" time="5.556"/>
  <testcase classname="TruptiPawankar.tests.SubmitOrderTest" name="submitOrder" time="5.197"/>
  <testcase classname="TruptiPawankar.tests.SubmitOrderTest" name="orderHistoryTest" time="1.026"/>
</testsuite> <!-- Submit Order Test -->
