<?xml version="1.0" encoding="UTF-8"?>
<!-- Generated by org.testng.reporters.JUnitXMLReporter -->
<testsuite ignored="0" hostname="LAPTOP-2D5E57AR" failures="0" tests="3" name="Submit Order Test" time="57555.658" errors="0" timestamp="2026-05-28T22:32:37 IST">
  <testcase classname="TruptiPawankar.tests.SubmitOrderTest" name="submitOrder" time="12.337"/>
  <testcase classname="TruptiPawankar.tests.SubmitOrderTest" name="submitOrder" time="6.907"/>
  <testcase classname="TruptiPawankar.tests.SubmitOrderTest" name="orderHistoryTest" time="2.765"/>
</testsuite> <!-- Submit Order Test -->
