<?xml version="1.0" encoding="UTF-8"?>
<testng-results ignored="0" total="3" passed="3" failed="0" skipped="0">
  <reporter-output>
  </reporter-output>
  <suite started-at="2026-05-28T06:33:19 IST" name="Suite" finished-at="2026-05-28T22:32:35 IST" duration-ms="57555658">
    <groups>
      <group name="ErrorHandling">
        <method signature="ErrorValidationsTest.loginErrorValidations()[pri:0, instance:TruptiPawankar.tests.ErrorValidationsTest@5c7bfdc1]" name="loginErrorValidations" class="TruptiPawankar.tests.ErrorValidationsTest"/>
      </group> <!-- ErrorHandling -->
      <group name="purchase">
        <method signature="SubmitOrderTest.submitOrder(java.util.HashMap)[pri:0, instance:TruptiPawankar.tests.SubmitOrderTest@305ffe9e]" name="submitOrder" class="TruptiPawankar.tests.SubmitOrderTest"/>
      </group> <!-- purchase -->
    </groups>
    <test started-at="2026-05-28T06:33:19 IST" name="Submit Order Test" finished-at="2026-05-28T22:32:35 IST" duration-ms="57555658">
      <class name="TruptiPawankar.tests.SubmitOrderTest">
        <test-method is-config="true" signature="launchApplication()[pri:0, instance:TruptiPawankar.tests.SubmitOrderTest@305ffe9e]" started-at="2026-05-28T22:31:39 IST" name="launchApplication" finished-at="2026-05-28T22:32:03 IST" duration-ms="24097" status="PASS">
          <reporter-output>
          </reporter-output>
        </test-method> <!-- launchApplication -->
        <test-method signature="submitOrder(java.util.HashMap)[pri:0, instance:TruptiPawankar.tests.SubmitOrderTest@305ffe9e]" started-at="2026-05-28T22:32:03 IST" name="submitOrder" data-provider="getData" finished-at="2026-05-28T22:32:15 IST" duration-ms="12337" status="PASS">
          <params>
            <param index="0">
              <value>
                <![CDATA[{password=Sili@12345, product=ZARA COAT 3, email=sili@gmail.com}]]>
              </value>
            </param>
          </params>
          <reporter-output>
          </reporter-output>
        </test-method> <!-- submitOrder -->
        <test-method is-config="true" signature="tearDown()[pri:0, instance:TruptiPawankar.tests.SubmitOrderTest@305ffe9e]" started-at="2026-05-28T22:32:15 IST" name="tearDown" finished-at="2026-05-28T22:32:16 IST" duration-ms="434" status="PASS">
          <reporter-output>
          </reporter-output>
        </test-method> <!-- tearDown -->
        <test-method is-config="true" signature="launchApplication()[pri:0, instance:TruptiPawankar.tests.SubmitOrderTest@305ffe9e]" started-at="2026-05-28T22:32:16 IST" name="launchApplication" finished-at="2026-05-28T22:32:18 IST" duration-ms="2650" status="PASS">
          <reporter-output>
          </reporter-output>
        </test-method> <!-- launchApplication -->
        <test-method signature="submitOrder(java.util.HashMap)[pri:0, instance:TruptiPawankar.tests.SubmitOrderTest@305ffe9e]" started-at="2026-05-28T22:32:18 IST" name="submitOrder" data-provider="getData" finished-at="2026-05-28T22:32:25 IST" duration-ms="6907" status="PASS">
          <params>
            <param index="0">
              <value>
                <![CDATA[{password=Tripi@1234, product=ADIDAS ORIGINAL, email=Trupti@gmail.com}]]>
              </value>
            </param>
          </params>
          <reporter-output>
          </reporter-output>
        </test-method> <!-- submitOrder -->
        <test-method is-config="true" signature="tearDown()[pri:0, instance:TruptiPawankar.tests.SubmitOrderTest@305ffe9e]" started-at="2026-05-28T22:32:25 IST" name="tearDown" finished-at="2026-05-28T22:32:28 IST" duration-ms="2152" status="PASS">
          <reporter-output>
          </reporter-output>
        </test-method> <!-- tearDown -->
        <test-method is-config="true" signature="launchApplication()[pri:0, instance:TruptiPawankar.tests.SubmitOrderTest@305ffe9e]" started-at="2026-05-28T22:32:28 IST" name="launchApplication" finished-at="2026-05-28T22:32:31 IST" duration-ms="3823" status="PASS">
          <reporter-output>
          </reporter-output>
        </test-method> <!-- launchApplication -->
        <test-method signature="orderHistoryTest()[pri:0, instance:TruptiPawankar.tests.SubmitOrderTest@305ffe9e]" started-at="2026-05-28T22:32:31 IST" name="orderHistoryTest" finished-at="2026-05-28T22:32:34 IST" depends-on-methods="TruptiPawankar.tests.SubmitOrderTest.submitOrder" duration-ms="2765" status="PASS">
          <reporter-output>
          </reporter-output>
        </test-method> <!-- orderHistoryTest -->
        <test-method is-config="true" signature="tearDown()[pri:0, instance:TruptiPawankar.tests.SubmitOrderTest@305ffe9e]" started-at="2026-05-28T22:32:34 IST" name="tearDown" finished-at="2026-05-28T22:32:35 IST" duration-ms="804" status="PASS">
          <reporter-output>
          </reporter-output>
        </test-method> <!-- tearDown -->
      </class> <!-- TruptiPawankar.tests.SubmitOrderTest -->
    </test> <!-- Submit Order Test -->
  </suite> <!-- Suite -->
</testng-results>
