<?xml version="1.0" encoding="UTF-8"?>
<!-- Generated by org.testng.reporters.JUnitReportReporter -->
<testsuite hostname="LAPTOP-2D5E57AR" failures="0" tests="3" name="TruptiPawankar.tests.SubmitOrderTest" time="20.811" errors="0" timestamp="2026-05-21T00:47:54 IST" skipped="0">
  <testcase classname="TruptiPawankar.tests.SubmitOrderTest" name="submitOrder" time="9.383"/>
  <testcase classname="TruptiPawankar.tests.SubmitOrderTest" name="orderHistoryTest" time="3.572"/>
  <testcase classname="TruptiPawankar.tests.SubmitOrderTest" name="submitOrder" time="7.856"/>
</testsuite> <!-- TruptiPawankar.tests.SubmitOrderTest -->
