<?xml version="1.0" encoding="UTF-8"?>
<!-- Generated by org.testng.reporters.JUnitReportReporter -->
<testsuite hostname="LAPTOP-2D5E57AR" failures="0" tests="2" name="TruptiPawankar.tests.ErrorValidationsTest" time="13.757" errors="0" timestamp="2026-05-21T00:47:54 IST" skipped="0">
  <testcase classname="TruptiPawankar.tests.ErrorValidationsTest" name="productErrorValidation" time="10.490"/>
  <testcase classname="TruptiPawankar.tests.ErrorValidationsTest" name="loginErrorValidations" time="3.267"/>
</testsuite> <!-- TruptiPawankar.tests.ErrorValidationsTest -->
