<?xml version="1.0" encoding="UTF-8"?>
<!-- Generated by org.testng.reporters.JUnitReportReporter -->
<testsuite hostname="LAPTOP-2D5E57AR" failures="0" tests="3" name="TruptiPawankar.tests.SubmitOrderTest" time="55.969" errors="0" timestamp="2026-05-28T22:33:13 IST" skipped="0">
  <testcase classname="TruptiPawankar.tests.SubmitOrderTest" name="orderHistoryTest" time="27.296"/>
  <testcase classname="TruptiPawankar.tests.SubmitOrderTest" name="submitOrder" time="16.964"/>
  <testcase classname="TruptiPawankar.tests.SubmitOrderTest" name="submitOrder" time="11.709"/>
</testsuite> <!-- TruptiPawankar.tests.SubmitOrderTest -->
